0 verbose cli C:\Program Files\nodejs\node.exe C:\Users\arami\AppData\Roaming\npm\node_modules\npm\bin\npm-cli.js
1 info using npm@11.9.0
2 info using node@v24.13.0
3 silly config load:file:C:\Users\arami\AppData\Roaming\npm\node_modules\npm\npmrc
4 silly config load:file:C:\Projects\The-Performa\.npmrc
5 silly config load:file:C:\Users\arami\.npmrc
6 silly config load:file:C:\Users\arami\AppData\Roaming\npm\etc\npmrc
7 verbose title npm run build
8 verbose argv "run" "build"
9 verbose logfile logs-max:10 dir:C:\Projects\The-Performa\.npm-cache\_logs\2026-02-11T05_26_37_126Z-
10 verbose logfile C:\Projects\The-Performa\.npm-cache\_logs\2026-02-11T05_26_37_126Z-debug-0.log
11 silly logfile start cleaning logs, removing 10 files
12 silly logfile error removing log file C:\Projects\The-Performa\.npm-cache\_logs\2026-02-10T22_53_08_681Z-debug-0.log [Error: EPERM: operation not permitted, unlink 'C:\Projects\The-Performa\.npm-cache\_logs\2026-02-10T22_53_08_681Z-debug-0.log'] {
12 silly logfile   errno: -4048,
12 silly logfile   code: 'EPERM',
12 silly logfile   syscall: 'unlink',
12 silly logfile   path: 'C:\\Projects\\The-Performa\\.npm-cache\\_logs\\2026-02-10T22_53_08_681Z-debug-0.log'
12 silly logfile }
13 silly logfile error removing log file C:\Projects\The-Performa\.npm-cache\_logs\2026-02-10T22_54_46_477Z-debug-0.log [Error: EPERM: operation not permitted, unlink 'C:\Projects\The-Performa\.npm-cache\_logs\2026-02-10T22_54_46_477Z-debug-0.log'] {
13 silly logfile   errno: -4048,
13 silly logfile   code: 'EPERM',
13 silly logfile   syscall: 'unlink',
13 silly logfile   path: 'C:\\Projects\\The-Performa\\.npm-cache\\_logs\\2026-02-10T22_54_46_477Z-debug-0.log'
13 silly logfile }
14 silly logfile error removing log file C:\Projects\The-Performa\.npm-cache\_logs\2026-02-10T22_55_26_393Z-debug-0.log [Error: EPERM: operation not permitted, unlink 'C:\Projects\The-Performa\.npm-cache\_logs\2026-02-10T22_55_26_393Z-debug-0.log'] {
14 silly logfile   errno: -4048,
14 silly logfile   code: 'EPERM',
14 silly logfile   syscall: 'unlink',
14 silly logfile   path: 'C:\\Projects\\The-Performa\\.npm-cache\\_logs\\2026-02-10T22_55_26_393Z-debug-0.log'
14 silly logfile }
15 silly logfile error removing log file C:\Projects\The-Performa\.npm-cache\_logs\2026-02-10T23_00_00_411Z-debug-0.log [Error: EPERM: operation not permitted, unlink 'C:\Projects\The-Performa\.npm-cache\_logs\2026-02-10T23_00_00_411Z-debug-0.log'] {
15 silly logfile   errno: -4048,
15 silly logfile   code: 'EPERM',
15 silly logfile   syscall: 'unlink',
15 silly logfile   path: 'C:\\Projects\\The-Performa\\.npm-cache\\_logs\\2026-02-10T23_00_00_411Z-debug-0.log'
15 silly logfile }
16 silly logfile error removing log file C:\Projects\The-Performa\.npm-cache\_logs\2026-02-10T23_04_41_087Z-debug-0.log [Error: EPERM: operation not permitted, unlink 'C:\Projects\The-Performa\.npm-cache\_logs\2026-02-10T23_04_41_087Z-debug-0.log'] {
16 silly logfile   errno: -4048,
16 silly logfile   code: 'EPERM',
16 silly logfile   syscall: 'unlink',
16 silly logfile   path: 'C:\\Projects\\The-Performa\\.npm-cache\\_logs\\2026-02-10T23_04_41_087Z-debug-0.log'
16 silly logfile }
17 silly logfile error removing log file C:\Projects\The-Performa\.npm-cache\_logs\2026-02-10T23_17_12_299Z-debug-0.log [Error: EPERM: operation not permitted, unlink 'C:\Projects\The-Performa\.npm-cache\_logs\2026-02-10T23_17_12_299Z-debug-0.log'] {
17 silly logfile   errno: -4048,
17 silly logfile   code: 'EPERM',
17 silly logfile   syscall: 'unlink',
17 silly logfile   path: 'C:\\Projects\\The-Performa\\.npm-cache\\_logs\\2026-02-10T23_17_12_299Z-debug-0.log'
17 silly logfile }
18 silly logfile error removing log file C:\Projects\The-Performa\.npm-cache\_logs\2026-02-10T23_17_33_607Z-debug-0.log [Error: EPERM: operation not permitted, unlink 'C:\Projects\The-Performa\.npm-cache\_logs\2026-02-10T23_17_33_607Z-debug-0.log'] {
18 silly logfile   errno: -4048,
18 silly logfile   code: 'EPERM',
18 silly logfile   syscall: 'unlink',
18 silly logfile   path: 'C:\\Projects\\The-Performa\\.npm-cache\\_logs\\2026-02-10T23_17_33_607Z-debug-0.log'
18 silly logfile }
19 silly logfile error removing log file C:\Projects\The-Performa\.npm-cache\_logs\2026-02-10T23_22_18_779Z-debug-0.log [Error: EPERM: operation not permitted, unlink 'C:\Projects\The-Performa\.npm-cache\_logs\2026-02-10T23_22_18_779Z-debug-0.log'] {
19 silly logfile   errno: -4048,
19 silly logfile   code: 'EPERM',
19 silly logfile   syscall: 'unlink',
19 silly logfile   path: 'C:\\Projects\\The-Performa\\.npm-cache\\_logs\\2026-02-10T23_22_18_779Z-debug-0.log'
19 silly logfile }
20 silly logfile error removing log file C:\Projects\The-Performa\.npm-cache\_logs\2026-02-10T23_22_32_273Z-debug-0.log [Error: EPERM: operation not permitted, unlink 'C:\Projects\The-Performa\.npm-cache\_logs\2026-02-10T23_22_32_273Z-debug-0.log'] {
20 silly logfile   errno: -4048,
20 silly logfile   code: 'EPERM',
20 silly logfile   syscall: 'unlink',
20 silly logfile   path: 'C:\\Projects\\The-Performa\\.npm-cache\\_logs\\2026-02-10T23_22_32_273Z-debug-0.log'
20 silly logfile }
21 silly logfile error removing log file C:\Projects\The-Performa\.npm-cache\_logs\2026-02-10T23_30_24_692Z-debug-0.log [Error: EPERM: operation not permitted, unlink 'C:\Projects\The-Performa\.npm-cache\_logs\2026-02-10T23_30_24_692Z-debug-0.log'] {
21 silly logfile   errno: -4048,
21 silly logfile   code: 'EPERM',
21 silly logfile   syscall: 'unlink',
21 silly logfile   path: 'C:\\Projects\\The-Performa\\.npm-cache\\_logs\\2026-02-10T23_30_24_692Z-debug-0.log'
21 silly logfile }
22 silly logfile done cleaning log files
23 verbose cwd C:\Projects\The-Performa
24 verbose os Windows_NT 10.0.26200
25 verbose node v24.13.0
26 verbose npm  v11.9.0
27 verbose exit 1
28 verbose code 1
