0 verbose cli C:\Program Files\nodejs\node.exe C:\Users\arami\AppData\Roaming\npm\node_modules\npm\bin\npm-cli.js
1 info using npm@11.9.0
2 info using node@v24.13.0
3 silly config load:file:C:\Users\arami\AppData\Roaming\npm\node_modules\npm\npmrc
4 silly config load:file:C:\Projects\The-Performa\.npmrc
5 silly config load:file:C:\Users\arami\.npmrc
6 silly config load:file:C:\Users\arami\AppData\Roaming\npm\etc\npmrc
7 verbose title npm exec tsc --noEmit
8 verbose argv "exec" "--" "tsc" "--noEmit"
9 verbose logfile logs-max:10 dir:C:\Projects\The-Performa\.npm-cache\_logs\2026-02-12T07_13_20_960Z-
10 verbose logfile C:\Projects\The-Performa\.npm-cache\_logs\2026-02-12T07_13_20_960Z-debug-0.log
11 silly logfile start cleaning logs, removing 4 files
12 silly logfile error removing log file C:\Projects\The-Performa\.npm-cache\_logs\2026-02-12T05_30_02_658Z-debug-0.log [Error: EPERM: operation not permitted, unlink 'C:\Projects\The-Performa\.npm-cache\_logs\2026-02-12T05_30_02_658Z-debug-0.log'] {
12 silly logfile   errno: -4048,
12 silly logfile   code: 'EPERM',
12 silly logfile   syscall: 'unlink',
12 silly logfile   path: 'C:\\Projects\\The-Performa\\.npm-cache\\_logs\\2026-02-12T05_30_02_658Z-debug-0.log'
12 silly logfile }
13 silly logfile error removing log file C:\Projects\The-Performa\.npm-cache\_logs\2026-02-12T05_33_31_029Z-debug-0.log [Error: EPERM: operation not permitted, unlink 'C:\Projects\The-Performa\.npm-cache\_logs\2026-02-12T05_33_31_029Z-debug-0.log'] {
13 silly logfile   errno: -4048,
13 silly logfile   code: 'EPERM',
13 silly logfile   syscall: 'unlink',
13 silly logfile   path: 'C:\\Projects\\The-Performa\\.npm-cache\\_logs\\2026-02-12T05_33_31_029Z-debug-0.log'
13 silly logfile }
14 silly logfile error removing log file C:\Projects\The-Performa\.npm-cache\_logs\2026-02-12T05_38_18_658Z-debug-0.log [Error: EPERM: operation not permitted, unlink 'C:\Projects\The-Performa\.npm-cache\_logs\2026-02-12T05_38_18_658Z-debug-0.log'] {
14 silly logfile   errno: -4048,
14 silly logfile   code: 'EPERM',
14 silly logfile   syscall: 'unlink',
14 silly logfile   path: 'C:\\Projects\\The-Performa\\.npm-cache\\_logs\\2026-02-12T05_38_18_658Z-debug-0.log'
14 silly logfile }
15 silly logfile error removing log file C:\Projects\The-Performa\.npm-cache\_logs\2026-02-12T05_48_31_667Z-debug-0.log [Error: EPERM: operation not permitted, unlink 'C:\Projects\The-Performa\.npm-cache\_logs\2026-02-12T05_48_31_667Z-debug-0.log'] {
15 silly logfile   errno: -4048,
15 silly logfile   code: 'EPERM',
15 silly logfile   syscall: 'unlink',
15 silly logfile   path: 'C:\\Projects\\The-Performa\\.npm-cache\\_logs\\2026-02-12T05_48_31_667Z-debug-0.log'
15 silly logfile }
16 silly logfile done cleaning log files
17 verbose cwd C:\Projects\The-Performa
18 verbose os Windows_NT 10.0.26200
19 verbose node v24.13.0
20 verbose npm  v11.9.0
21 verbose exit 2
22 verbose code 2
