0 verbose cli C:\Program Files\nodejs\node.exe C:\Users\arami\AppData\Roaming\npm\node_modules\npm\bin\npm-cli.js
1 info using npm@11.9.0
2 info using node@v24.13.0
3 silly config load:file:C:\Users\arami\AppData\Roaming\npm\node_modules\npm\npmrc
4 silly config load:file:C:\Projects\The-Performa\.npmrc
5 silly config load:file:C:\Users\arami\.npmrc
6 silly config load:file:C:\Users\arami\AppData\Roaming\npm\etc\npmrc
7 verbose title npm instal
8 verbose argv "instal"
9 verbose logfile logs-max:10 dir:C:\Projects\The-Performa\.npm-cache\_logs\2026-02-10T07_38_52_861Z-
10 verbose logfile C:\Projects\The-Performa\.npm-cache\_logs\2026-02-10T07_38_52_861Z-debug-0.log
11 silly logfile start cleaning logs, removing 3 files
12 silly packumentCache heap:4496293888 maxSize:1124073472 maxEntrySize:562036736
13 silly idealTree buildDeps
14 silly fetch manifest @supabase/supabase-js@^2.49.1
15 silly packumentCache full:https://registry.npmjs.org/@supabase%2fsupabase-js cache-miss
16 silly logfile done cleaning log files
17 verbose shrinkwrap failed to load node_modules/.package-lock.json out of date, updated: node_modules
18 http fetch GET 200 https://registry.npmjs.org/@supabase%2fsupabase-js 396ms (cache miss)
19 silly packumentCache full:https://registry.npmjs.org/@supabase%2fsupabase-js set size:undefined disposed:false
20 silly placeDep ROOT @supabase/supabase-js@2.95.3 OK for: the-performa@0.1.0 want: ^2.49.1
21 silly fetch manifest @supabase/auth-js@2.95.3
22 silly packumentCache full:https://registry.npmjs.org/@supabase%2fauth-js cache-miss
23 silly fetch manifest @supabase/functions-js@2.95.3
24 silly packumentCache full:https://registry.npmjs.org/@supabase%2ffunctions-js cache-miss
25 silly fetch manifest @supabase/postgrest-js@2.95.3
26 silly packumentCache full:https://registry.npmjs.org/@supabase%2fpostgrest-js cache-miss
27 silly fetch manifest @supabase/realtime-js@2.95.3
28 silly packumentCache full:https://registry.npmjs.org/@supabase%2frealtime-js cache-miss
29 silly fetch manifest @supabase/storage-js@2.95.3
30 silly packumentCache full:https://registry.npmjs.org/@supabase%2fstorage-js cache-miss
31 http fetch GET 200 https://registry.npmjs.org/@supabase%2fstorage-js 105ms (cache miss)
32 silly packumentCache full:https://registry.npmjs.org/@supabase%2fstorage-js set size:undefined disposed:false
33 http fetch GET 200 https://registry.npmjs.org/@supabase%2ffunctions-js 148ms (cache miss)
34 silly packumentCache full:https://registry.npmjs.org/@supabase%2ffunctions-js set size:undefined disposed:false
35 http fetch GET 200 https://registry.npmjs.org/@supabase%2fpostgrest-js 174ms (cache miss)
36 silly packumentCache full:https://registry.npmjs.org/@supabase%2fpostgrest-js set size:undefined disposed:false
37 http fetch GET 200 https://registry.npmjs.org/@supabase%2frealtime-js 194ms (cache miss)
38 silly packumentCache full:https://registry.npmjs.org/@supabase%2frealtime-js set size:undefined disposed:false
39 http fetch GET 200 https://registry.npmjs.org/@supabase%2fauth-js 220ms (cache miss)
40 silly packumentCache full:https://registry.npmjs.org/@supabase%2fauth-js set size:undefined disposed:false
41 silly placeDep ROOT @supabase/auth-js@2.95.3 OK for: @supabase/supabase-js@2.95.3 want: 2.95.3
42 silly placeDep ROOT @supabase/functions-js@2.95.3 OK for: @supabase/supabase-js@2.95.3 want: 2.95.3
43 silly placeDep ROOT @supabase/postgrest-js@2.95.3 OK for: @supabase/supabase-js@2.95.3 want: 2.95.3
44 silly placeDep ROOT @supabase/realtime-js@2.95.3 OK for: @supabase/supabase-js@2.95.3 want: 2.95.3
45 silly placeDep ROOT @supabase/storage-js@2.95.3 OK for: @supabase/supabase-js@2.95.3 want: 2.95.3
46 silly fetch manifest @types/phoenix@^1.6.6
47 silly packumentCache full:https://registry.npmjs.org/@types%2fphoenix cache-miss
48 silly fetch manifest @types/ws@^8.18.1
49 silly packumentCache full:https://registry.npmjs.org/@types%2fws cache-miss
50 silly fetch manifest ws@^8.18.2
51 silly packumentCache full:https://registry.npmjs.org/ws cache-miss
52 silly fetch manifest iceberg-js@^0.8.1
53 silly packumentCache full:https://registry.npmjs.org/iceberg-js cache-miss
54 http fetch GET 200 https://registry.npmjs.org/iceberg-js 38ms (cache miss)
55 silly packumentCache full:https://registry.npmjs.org/iceberg-js set size:undefined disposed:false
56 http fetch GET 200 https://registry.npmjs.org/@types%2fphoenix 40ms (cache miss)
57 silly packumentCache full:https://registry.npmjs.org/@types%2fphoenix set size:undefined disposed:false
58 http fetch GET 200 https://registry.npmjs.org/@types%2fws 43ms (cache miss)
59 silly packumentCache full:https://registry.npmjs.org/@types%2fws set size:undefined disposed:false
60 http fetch GET 200 https://registry.npmjs.org/ws 47ms (cache miss)
61 silly packumentCache full:https://registry.npmjs.org/ws set size:undefined disposed:false
62 silly placeDep ROOT @types/phoenix@1.6.7 OK for: @supabase/realtime-js@2.95.3 want: ^1.6.6
63 silly placeDep ROOT @types/ws@8.18.1 OK for: @supabase/realtime-js@2.95.3 want: ^8.18.1
64 silly placeDep ROOT ws@8.19.0 OK for: @supabase/realtime-js@2.95.3 want: ^8.18.2
65 silly fetch manifest @types/node@*
66 silly packumentCache full:https://registry.npmjs.org/@types%2fnode cache-miss
67 http fetch GET 200 https://registry.npmjs.org/@types%2fnode 139ms (cache miss)
68 silly packumentCache full:https://registry.npmjs.org/@types%2fnode set size:undefined disposed:false
69 silly placeDep ROOT iceberg-js@0.8.1 OK for: @supabase/storage-js@2.95.3 want: ^0.8.1
70 silly placeDep ROOT @types/node@25.2.2 OK for: @types/ws@8.18.1 want: *
71 silly fetch manifest undici-types@~7.16.0
72 silly packumentCache full:https://registry.npmjs.org/undici-types cache-miss
73 http fetch GET 200 https://registry.npmjs.org/undici-types 38ms (cache miss)
74 silly packumentCache full:https://registry.npmjs.org/undici-types set size:undefined disposed:false
75 silly placeDep ROOT undici-types@7.16.0 OK for: @types/node@25.2.2 want: ~7.16.0
76 silly reify moves {}
77 silly audit bulk request {
77 silly audit   '@alloc/quick-lru': [ '5.2.0' ],
77 silly audit   '@astrojs/compiler': [ '2.13.1' ],
77 silly audit   '@astrojs/internal-helpers': [ '0.4.1' ],
77 silly audit   '@astrojs/markdown-remark': [ '5.3.0' ],
77 silly audit   '@astrojs/mdx': [ '3.1.9' ],
77 silly audit   '@astrojs/prism': [ '3.1.0' ],
77 silly audit   '@astrojs/react': [ '3.6.3' ],
77 silly audit   '@astrojs/tailwind': [ '5.1.5' ],
77 silly audit   '@astrojs/telemetry': [ '3.1.0' ],
77 silly audit   '@babel/code-frame': [ '7.29.0' ],
77 silly audit   '@babel/compat-data': [ '7.29.0' ],
77 silly audit   '@babel/core': [ '7.29.0' ],
77 silly audit   '@babel/generator': [ '7.29.1' ],
77 silly audit   '@babel/helper-annotate-as-pure': [ '7.27.3' ],
77 silly audit   '@babel/helper-compilation-targets': [ '7.28.6' ],
77 silly audit   '@babel/helper-globals': [ '7.28.0' ],
77 silly audit   '@babel/helper-module-imports': [ '7.28.6' ],
77 silly audit   '@babel/helper-module-transforms': [ '7.28.6' ],
77 silly audit   '@babel/helper-plugin-utils': [ '7.28.6' ],
77 silly audit   '@babel/helper-string-parser': [ '7.27.1' ],
77 silly audit   '@babel/helper-validator-identifier': [ '7.28.5' ],
77 silly audit   '@babel/helper-validator-option': [ '7.27.1' ],
77 silly audit   '@babel/helpers': [ '7.28.6' ],
77 silly audit   '@babel/parser': [ '7.29.0' ],
77 silly audit   '@babel/plugin-syntax-jsx': [ '7.28.6' ],
77 silly audit   '@babel/plugin-transform-react-jsx': [ '7.28.6' ],
77 silly audit   '@babel/plugin-transform-react-jsx-self': [ '7.27.1' ],
77 silly audit   '@babel/plugin-transform-react-jsx-source': [ '7.27.1' ],
77 silly audit   '@babel/runtime': [ '7.28.6' ],
77 silly audit   '@babel/template': [ '7.28.6' ],
77 silly audit   '@babel/traverse': [ '7.29.0' ],
77 silly audit   '@babel/types': [ '7.29.0' ],
77 silly audit   '@emnapi/runtime': [ '1.8.1' ],
77 silly audit   '@esbuild/aix-ppc64': [ '0.21.5' ],
77 silly audit   '@esbuild/android-arm': [ '0.21.5' ],
77 silly audit   '@esbuild/android-arm64': [ '0.21.5' ],
77 silly audit   '@esbuild/android-x64': [ '0.21.5' ],
77 silly audit   '@esbuild/darwin-arm64': [ '0.21.5' ],
77 silly audit   '@esbuild/darwin-x64': [ '0.21.5' ],
77 silly audit   '@esbuild/freebsd-arm64': [ '0.21.5' ],
77 silly audit   '@esbuild/freebsd-x64': [ '0.21.5' ],
77 silly audit   '@esbuild/linux-arm': [ '0.21.5' ],
77 silly audit   '@esbuild/linux-arm64': [ '0.21.5' ],
77 silly audit   '@esbuild/linux-ia32': [ '0.21.5' ],
77 silly audit   '@esbuild/linux-loong64': [ '0.21.5' ],
77 silly audit   '@esbuild/linux-mips64el': [ '0.21.5' ],
77 silly audit   '@esbuild/linux-ppc64': [ '0.21.5' ],
77 silly audit   '@esbuild/linux-riscv64': [ '0.21.5' ],
77 silly audit   '@esbuild/linux-s390x': [ '0.21.5' ],
77 silly audit   '@esbuild/linux-x64': [ '0.21.5' ],
77 silly audit   '@esbuild/netbsd-x64': [ '0.21.5' ],
77 silly audit   '@esbuild/openbsd-x64': [ '0.21.5' ],
77 silly audit   '@esbuild/sunos-x64': [ '0.21.5' ],
77 silly audit   '@esbuild/win32-arm64': [ '0.21.5' ],
77 silly audit   '@esbuild/win32-ia32': [ '0.21.5' ],
77 silly audit   '@esbuild/win32-x64': [ '0.21.5' ],
77 silly audit   '@img/sharp-darwin-arm64': [ '0.33.5' ],
77 silly audit   '@img/sharp-darwin-x64': [ '0.33.5' ],
77 silly audit   '@img/sharp-libvips-darwin-arm64': [ '1.0.4' ],
77 silly audit   '@img/sharp-libvips-darwin-x64': [ '1.0.4' ],
77 silly audit   '@img/sharp-libvips-linux-arm': [ '1.0.5' ],
77 silly audit   '@img/sharp-libvips-linux-arm64': [ '1.0.4' ],
77 silly audit   '@img/sharp-libvips-linux-s390x': [ '1.0.4' ],
77 silly audit   '@img/sharp-libvips-linux-x64': [ '1.0.4' ],
77 silly audit   '@img/sharp-libvips-linuxmusl-arm64': [ '1.0.4' ],
77 silly audit   '@img/sharp-libvips-linuxmusl-x64': [ '1.0.4' ],
77 silly audit   '@img/sharp-linux-arm': [ '0.33.5' ],
77 silly audit   '@img/sharp-linux-arm64': [ '0.33.5' ],
77 silly audit   '@img/sharp-linux-s390x': [ '0.33.5' ],
77 silly audit   '@img/sharp-linux-x64': [ '0.33.5' ],
77 silly audit   '@img/sharp-linuxmusl-arm64': [ '0.33.5' ],
77 silly audit   '@img/sharp-linuxmusl-x64': [ '0.33.5' ],
77 silly audit   '@img/sharp-wasm32': [ '0.33.5' ],
77 silly audit   '@img/sharp-win32-ia32': [ '0.33.5' ],
77 silly audit   '@img/sharp-win32-x64': [ '0.33.5' ],
77 silly audit   '@jridgewell/gen-mapping': [ '0.3.13' ],
77 silly audit   '@jridgewell/remapping': [ '2.3.5' ],
77 silly audit   '@jridgewell/resolve-uri': [ '3.1.2' ],
77 silly audit   '@jridgewell/sourcemap-codec': [ '1.5.5' ],
77 silly audit   '@jridgewell/trace-mapping': [ '0.3.31' ],
77 silly audit   '@mdx-js/mdx': [ '3.1.1' ],
77 silly audit   '@nodelib/fs.scandir': [ '2.1.5' ],
77 silly audit   '@nodelib/fs.stat': [ '2.0.5' ],
77 silly audit   '@nodelib/fs.walk': [ '1.2.8' ],
77 silly audit   '@oslojs/encoding': [ '1.1.0' ],
77 silly audit   '@react-three/fiber': [ '8.13.8' ],
77 silly audit   '@rolldown/pluginutils': [ '1.0.0-beta.27' ],
77 silly audit   '@rollup/pluginutils': [ '5.3.0' ],
77 silly audit   'estree-walker': [ '2.0.2', '3.0.3' ],
77 silly audit   '@rollup/rollup-android-arm-eabi': [ '4.57.1' ],
77 silly audit   '@rollup/rollup-android-arm64': [ '4.57.1' ],
77 silly audit   '@rollup/rollup-darwin-arm64': [ '4.57.1' ],
77 silly audit   '@rollup/rollup-darwin-x64': [ '4.57.1' ],
77 silly audit   '@rollup/rollup-freebsd-arm64': [ '4.57.1' ],
77 silly audit   '@rollup/rollup-freebsd-x64': [ '4.57.1' ],
77 silly audit   '@rollup/rollup-linux-arm-gnueabihf': [ '4.57.1' ],
77 silly audit   '@rollup/rollup-linux-arm-musleabihf': [ '4.57.1' ],
77 silly audit   '@rollup/rollup-linux-arm64-gnu': [ '4.57.1' ],
77 silly audit   '@rollup/rollup-linux-arm64-musl': [ '4.57.1' ],
77 silly audit   '@rollup/rollup-linux-loong64-gnu': [ '4.57.1' ],
77 silly audit   '@rollup/rollup-linux-loong64-musl': [ '4.57.1' ],
77 silly audit   '@rollup/rollup-linux-ppc64-gnu': [ '4.57.1' ],
77 silly audit   '@rollup/rollup-linux-ppc64-musl': [ '4.57.1' ],
77 silly audit   '@rollup/rollup-linux-riscv64-gnu': [ '4.57.1' ],
77 silly audit   '@rollup/rollup-linux-riscv64-musl': [ '4.57.1' ],
77 silly audit   '@rollup/rollup-linux-s390x-gnu': [ '4.57.1' ],
77 silly audit   '@rollup/rollup-linux-x64-gnu': [ '4.57.1' ],
77 silly audit   '@rollup/rollup-linux-x64-musl': [ '4.57.1' ],
77 silly audit   '@rollup/rollup-openbsd-x64': [ '4.57.1' ],
77 silly audit   '@rollup/rollup-openharmony-arm64': [ '4.57.1' ],
77 silly audit   '@rollup/rollup-win32-arm64-msvc': [ '4.57.1' ],
77 silly audit   '@rollup/rollup-win32-ia32-msvc': [ '4.57.1' ],
77 silly audit   '@rollup/rollup-win32-x64-gnu': [ '4.57.1' ],
77 silly audit   '@rollup/rollup-win32-x64-msvc': [ '4.57.1' ],
77 silly audit   '@shikijs/core': [ '1.29.2' ],
77 silly audit   '@shikijs/engine-javascript': [ '1.29.2' ],
77 silly audit   '@shikijs/engine-oniguruma': [ '1.29.2' ],
77 silly audit   '@shikijs/langs': [ '1.29.2' ],
77 silly audit   '@shikijs/themes': [ '1.29.2' ],
77 silly audit   '@shikijs/types': [ '1.29.2' ],
77 silly audit   '@shikijs/vscode-textmate': [ '10.0.2' ],
77 silly audit   '@types/babel__core': [ '7.20.5' ],
77 silly audit   '@types/babel__generator': [ '7.27.0' ],
77 silly audit   '@types/babel__template': [ '7.4.4' ],
77 silly audit   '@types/babel__traverse': [ '7.28.0' ],
77 silly audit   '@types/cookie': [ '0.6.0' ],
77 silly audit   '@types/debug': [ '4.1.12' ],
77 silly audit   '@types/estree': [ '1.0.8' ],
77 silly audit   '@types/estree-jsx': [ '1.0.5' ],
77 silly audit   '@types/hast': [ '3.0.4' ],
77 silly audit   '@types/mdast': [ '4.0.4' ],
77 silly audit   '@types/mdx': [ '2.0.13' ],
77 silly audit   '@types/ms': [ '2.1.0' ],
77 silly audit   '@types/nlcst': [ '2.0.3' ],
77 silly audit   '@types/react': [ '19.2.13' ],
77 silly audit   '@types/react-reconciler': [ '0.26.7', '0.28.9' ],
77 silly audit   '@types/unist': [ '3.0.3', '2.0.11' ],
77 silly audit   '@ungap/structured-clone': [ '1.3.0' ],
77 silly audit   '@vitejs/plugin-react': [ '4.7.0' ],
77 silly audit   acorn: [ '8.15.0' ],
77 silly audit   'acorn-jsx': [ '5.3.2' ],
77 silly audit   'ansi-align': [ '3.0.1' ],
77 silly audit   'ansi-regex': [ '5.0.1', '6.2.2' ],
77 silly audit   'emoji-regex': [ '8.0.0', '10.6.0' ],
77 silly audit   'string-width': [ '4.2.3', '7.2.0' ],
77 silly audit   'strip-ansi': [ '6.0.1', '7.1.2' ],
77 silly audit   'ansi-styles': [ '6.2.3' ],
77 silly audit   'any-promise': [ '1.3.0' ],
77 silly audit   anymatch: [ '3.1.3' ],
77 silly audit   picomatch: [ '2.3.1', '4.0.3' ],
77 silly audit   arg: [ '5.0.2' ],
77 silly audit   argparse: [ '2.0.1', '1.0.10' ],
77 silly audit   'aria-query': [ '5.3.2' ],
77 silly audit   'array-iterate': [ '2.0.1' ],
77 silly audit   astring: [ '1.9.0' ],
77 silly audit   astro: [ '4.16.19' ],
77 silly audit   semver: [ '7.7.4', '6.3.1' ],
77 silly audit   autoprefixer: [ '10.4.24' ],
77 silly audit   'axobject-query': [ '4.1.0' ],
77 silly audit   bail: [ '2.0.2' ],
77 silly audit   'base-64': [ '1.0.0' ],
77 silly audit   'baseline-browser-mapping': [ '2.9.19' ],
77 silly audit   'binary-extensions': [ '2.3.0' ],
77 silly audit   boxen: [ '8.0.1' ],
77 silly audit   braces: [ '3.0.3' ],
77 silly audit   browserslist: [ '4.28.1' ],
77 silly audit   camelcase: [ '8.0.0' ],
77 silly audit   'camelcase-css': [ '2.0.1' ],
77 silly audit   'caniuse-lite': [ '1.0.30001769' ],
77 silly audit   ccount: [ '2.0.1' ],
77 silly audit   chalk: [ '5.6.2' ],
77 silly audit   'character-entities': [ '2.0.2' ],
77 silly audit   'character-entities-html4': [ '2.1.0' ],
77 silly audit   'character-entities-legacy': [ '3.0.0' ],
77 silly audit   'character-reference-invalid': [ '2.0.1' ],
77 silly audit   chokidar: [ '3.6.0' ],
77 silly audit   'ci-info': [ '4.4.0' ],
77 silly audit   'cli-boxes': [ '3.0.0' ],
77 silly audit   'cli-cursor': [ '5.0.0' ],
77 silly audit   'cli-spinners': [ '2.9.2' ],
77 silly audit   clsx: [ '2.1.1' ],
77 silly audit   'collapse-white-space': [ '2.1.0' ],
77 silly audit   color: [ '4.2.3' ],
77 silly audit   'color-convert': [ '2.0.1' ],
77 silly audit   'color-name': [ '1.1.4' ],
77 silly audit   'color-string': [ '1.9.1' ],
77 silly audit   'comma-separated-tokens': [ '2.0.3' ],
77 silly audit   commander: [ '4.1.1' ],
77 silly audit   'common-ancestor-path': [ '1.0.1' ],
77 silly audit   'convert-source-map': [ '2.0.0' ],
77 silly audit   cookie: [ '0.7.2' ],
77 silly audit   cssesc: [ '3.0.0' ],
77 silly audit   csstype: [ '3.2.3' ],
77 silly audit   debug: [ '4.4.3' ],
77 silly audit   'decode-named-character-reference': [ '1.3.0' ],
77 silly audit   dequal: [ '2.0.3' ],
77 silly audit   'detect-libc': [ '2.1.2' ],
77 silly audit   'deterministic-object-hash': [ '2.0.2' ],
77 silly audit   devalue: [ '5.6.2' ],
77 silly audit   devlop: [ '1.1.0' ],
77 silly audit   didyoumean: [ '1.2.2' ],
77 silly audit   diff: [ '5.2.2' ],
77 silly audit   dlv: [ '1.1.3' ],
77 silly audit   dset: [ '3.1.4' ],
77 silly audit   'electron-to-chromium': [ '1.5.286' ],
77 silly audit   'emoji-regex-xs': [ '1.0.0' ],
77 silly audit   entities: [ '6.0.1' ],
77 silly audit   'es-module-lexer': [ '1.7.0' ],
77 silly audit   'esast-util-from-estree': [ '2.0.0' ],
77 silly audit   'esast-util-from-js': [ '2.0.1' ],
77 silly audit   esbuild: [ '0.21.5' ],
77 silly audit   escalade: [ '3.2.0' ],
77 silly audit   'escape-string-regexp': [ '5.0.0' ],
77 silly audit   esprima: [ '4.0.1' ],
77 silly audit   'estree-util-attach-comments': [ '3.0.0' ],
77 silly audit   'estree-util-build-jsx': [ '3.0.1' ],
77 silly audit   'estree-util-is-identifier-name': [ '3.0.0' ],
77 silly audit   'estree-util-scope': [ '1.0.0' ],
77 silly audit   'estree-util-to-js': [ '2.0.0' ],
77 silly audit   'estree-util-visit': [ '2.0.0' ],
77 silly audit   eventemitter3: [ '5.0.4' ],
77 silly audit   extend: [ '3.0.2' ],
77 silly audit   'extend-shallow': [ '2.0.1' ],
77 silly audit   'fast-glob': [ '3.3.3' ],
77 silly audit   fastq: [ '1.20.1' ],
77 silly audit   fdir: [ '6.5.0' ],
77 silly audit   'fill-range': [ '7.1.1' ],
77 silly audit   'find-up': [ '4.1.0' ],
77 silly audit   'find-up-simple': [ '1.0.1' ],
77 silly audit   'find-yarn-workspace-root2': [ '1.2.16' ],
77 silly audit   flattie: [ '1.1.1' ],
77 silly audit   'fraction.js': [ '5.3.4' ],
77 silly audit   'framer-motion': [ '11.18.2' ],
77 silly audit   fsevents: [ '2.3.3' ],
77 silly audit   'function-bind': [ '1.1.2' ],
77 silly audit   gensync: [ '1.0.0-beta.2' ],
77 silly audit   'get-east-asian-width': [ '1.4.0' ],
77 silly audit   'github-slugger': [ '2.0.0' ],
77 silly audit   'glob-parent': [ '5.1.2', '6.0.2' ],
77 silly audit   'graceful-fs': [ '4.2.11' ],
77 silly audit   'gray-matter': [ '4.0.3' ],
77 silly audit   'js-yaml': [ '3.14.2', '4.1.1' ],
77 silly audit   hasown: [ '2.0.2' ],
77 silly audit   'hast-util-from-html': [ '2.0.3' ],
77 silly audit   'hast-util-from-parse5': [ '8.0.3' ],
77 silly audit   'hast-util-is-element': [ '3.0.0' ],
77 silly audit   'hast-util-parse-selector': [ '4.0.0' ],
77 silly audit   'hast-util-raw': [ '9.1.0' ],
77 silly audit   'hast-util-to-estree': [ '3.1.3' ],
77 silly audit   'hast-util-to-html': [ '9.0.5' ],
77 silly audit   'hast-util-to-jsx-runtime': [ '2.3.6' ],
77 silly audit   'hast-util-to-parse5': [ '8.0.1' ],
77 silly audit   'hast-util-to-text': [ '4.0.2' ],
77 silly audit   'hast-util-whitespace': [ '3.0.0' ],
77 silly audit   hastscript: [ '9.0.1' ],
77 silly audit   'html-escaper': [ '3.0.3' ],
77 silly audit   'html-void-elements': [ '3.0.0' ],
77 silly audit   'http-cache-semantics': [ '4.2.0' ],
77 silly audit   'import-meta-resolve': [ '4.2.0' ],
77 silly audit   'inline-style-parser': [ '0.2.7' ],
77 silly audit   'is-alphabetical': [ '2.0.1' ],
77 silly audit   'is-alphanumerical': [ '2.0.1' ],
77 silly audit   'is-arrayish': [ '0.3.4' ],
77 silly audit   'is-binary-path': [ '2.1.0' ],
77 silly audit   'is-core-module': [ '2.16.1' ],
77 silly audit   'is-decimal': [ '2.0.1' ],
77 silly audit   'is-docker': [ '3.0.0' ],
77 silly audit   'is-extendable': [ '0.1.1' ],
77 silly audit   'is-extglob': [ '2.1.1' ],
77 silly audit   'is-fullwidth-code-point': [ '3.0.0' ],
77 silly audit   'is-glob': [ '4.0.3' ],
77 silly audit   'is-hexadecimal': [ '2.0.1' ],
77 silly audit   'is-inside-container': [ '1.0.0' ],
77 silly audit   'is-interactive': [ '2.0.0' ],
77 silly audit   'is-number': [ '7.0.0' ],
77 silly audit   'is-plain-obj': [ '4.1.0' ],
77 silly audit   'is-unicode-supported': [ '2.1.0', '1.3.0' ],
77 silly audit   'is-wsl': [ '3.1.0' ],
77 silly audit   'its-fine': [ '1.2.5' ],
77 silly audit   jiti: [ '1.21.7' ],
77 silly audit   'js-tokens': [ '4.0.0' ],
77 silly audit   jsesc: [ '3.1.0' ],
77 silly audit   json5: [ '2.2.3' ],
77 silly audit   'kind-of': [ '6.0.3' ],
77 silly audit   kleur: [ '4.1.5', '3.0.3' ],
77 silly audit   lilconfig: [ '3.1.3' ],
77 silly audit   'lines-and-columns': [ '1.2.4' ],
77 silly audit   'load-yaml-file': [ '0.2.0' ],
77 silly audit   pify: [ '4.0.1', '2.3.0' ],
77 silly audit   'locate-path': [ '5.0.0' ],
77 silly audit   'log-symbols': [ '6.0.0' ],
77 silly audit   'longest-streak': [ '3.1.0' ],
77 silly audit   'loose-envify': [ '1.4.0' ],
77 silly audit   'lru-cache': [ '5.1.1' ],
77 silly audit   'magic-string': [ '0.30.21' ],
77 silly audit   magicast: [ '0.3.5' ],
77 silly audit   'markdown-extensions': [ '2.0.0' ],
77 silly audit   'markdown-table': [ '3.0.4' ],
77 silly audit   'mdast-util-definitions': [ '6.0.0' ],
77 silly audit   'mdast-util-find-and-replace': [ '3.0.2' ],
77 silly audit   'mdast-util-from-markdown': [ '2.0.2' ],
77 silly audit   'mdast-util-gfm': [ '3.1.0' ],
77 silly audit   'mdast-util-gfm-autolink-literal': [ '2.0.1' ],
77 silly audit   'mdast-util-gfm-footnote': [ '2.1.0' ],
77 silly audit   'mdast-util-gfm-strikethrough': [ '2.0.0' ],
77 silly audit   'mdast-util-gfm-table': [ '2.0.0' ],
77 silly audit   'mdast-util-gfm-task-list-item': [ '2.0.0' ],
77 silly audit   'mdast-util-mdx': [ '3.0.0' ],
77 silly audit   'mdast-util-mdx-expression': [ '2.0.1' ],
77 silly audit   'mdast-util-mdx-jsx': [ '3.2.0' ],
77 silly audit   'mdast-util-mdxjs-esm': [ '2.0.1' ],
77 silly audit   'mdast-util-phrasing': [ '4.1.0' ],
77 silly audit   'mdast-util-to-hast': [ '13.2.1' ],
77 silly audit   'mdast-util-to-markdown': [ '2.1.2' ],
77 silly audit   'mdast-util-to-string': [ '4.0.0' ],
77 silly audit   merge2: [ '1.4.1' ],
77 silly audit   micromark: [ '4.0.2' ],
77 silly audit   'micromark-core-commonmark': [ '2.0.3' ],
77 silly audit   'micromark-extension-gfm': [ '3.0.0' ],
77 silly audit   'micromark-extension-gfm-autolink-literal': [ '2.1.0' ],
77 silly audit   'micromark-extension-gfm-footnote': [ '2.1.0' ],
77 silly audit   'micromark-extension-gfm-strikethrough': [ '2.1.0' ],
77 silly audit   'micromark-extension-gfm-table': [ '2.1.1' ],
77 silly audit   'micromark-extension-gfm-tagfilter': [ '2.0.0' ],
77 silly audit   'micromark-extension-gfm-task-list-item': [ '2.1.0' ],
77 silly audit   'micromark-extension-mdx-expression': [ '3.0.1' ],
77 silly audit   'micromark-extension-mdx-jsx': [ '3.0.2' ],
77 silly audit   'micromark-extension-mdx-md': [ '2.0.0' ],
77 silly audit   'micromark-extension-mdxjs': [ '3.0.0' ],
77 silly audit   'micromark-extension-mdxjs-esm': [ '3.0.0' ],
77 silly audit   'micromark-factory-destination': [ '2.0.1' ],
77 silly audit   'micromark-factory-label': [ '2.0.1' ],
77 silly audit   'micromark-factory-mdx-expression': [ '2.0.3' ],
77 silly audit   'micromark-factory-space': [ '2.0.1' ],
77 silly audit   'micromark-factory-title': [ '2.0.1' ],
77 silly audit   'micromark-factory-whitespace': [ '2.0.1' ],
77 silly audit   'micromark-util-character': [ '2.1.1' ],
77 silly audit   'micromark-util-chunked': [ '2.0.1' ],
77 silly audit   'micromark-util-classify-character': [ '2.0.1' ],
77 silly audit   'micromark-util-combine-extensions': [ '2.0.1' ],
77 silly audit   'micromark-util-decode-numeric-character-reference': [ '2.0.2' ],
77 silly audit   'micromark-util-decode-string': [ '2.0.1' ],
77 silly audit   'micromark-util-encode': [ '2.0.1' ],
77 silly audit   'micromark-util-events-to-acorn': [ '2.0.3' ],
77 silly audit   'micromark-util-html-tag-name': [ '2.0.1' ],
77 silly audit   'micromark-util-normalize-identifier': [ '2.0.1' ],
77 silly audit   'micromark-util-resolve-all': [ '2.0.1' ],
77 silly audit   'micromark-util-sanitize-uri': [ '2.0.1' ],
77 silly audit   'micromark-util-subtokenize': [ '2.1.0' ],
77 silly audit   'micromark-util-symbol': [ '2.0.1' ],
77 silly audit   'micromark-util-types': [ '2.0.2' ],
77 silly audit   micromatch: [ '4.0.8' ],
77 silly audit   'mimic-function': [ '5.0.1' ],
77 silly audit   'motion-dom': [ '11.18.1' ],
77 silly audit   'motion-utils': [ '11.18.1' ],
77 silly audit   mrmime: [ '2.0.1' ],
77 silly audit   ms: [ '2.1.3' ],
77 silly audit   mz: [ '2.7.0' ],
77 silly audit   nanoid: [ '3.3.11' ],
77 silly audit   neotraverse: [ '0.6.18' ],
77 silly audit   'nlcst-to-string': [ '4.0.0' ],
77 silly audit   'node-releases': [ '2.0.27' ],
77 silly audit   'normalize-path': [ '3.0.0' ],
77 silly audit   'object-assign': [ '4.1.1' ],
77 silly audit   'object-hash': [ '3.0.0' ],
77 silly audit   onetime: [ '7.0.0' ],
77 silly audit   'oniguruma-to-es': [ '2.3.0' ],
77 silly audit   ora: [ '8.2.0' ],
77 silly audit   'p-limit': [ '6.2.0', '2.3.0' ],
77 silly audit   'p-locate': [ '4.1.0' ],
77 silly audit   'p-queue': [ '8.1.1' ],
77 silly audit   'p-timeout': [ '6.1.4' ],
77 silly audit   'p-try': [ '2.2.0' ],
77 silly audit   'parse-entities': [ '4.0.2' ],
77 silly audit   'parse-latin': [ '7.0.0' ],
77 silly audit   parse5: [ '7.3.0' ],
77 silly audit   'path-exists': [ '4.0.0' ],
77 silly audit   'path-parse': [ '1.0.7' ],
77 silly audit   picocolors: [ '1.1.1' ],
77 silly audit   pirates: [ '4.0.7' ],
77 silly audit   'pkg-dir': [ '4.2.0' ],
77 silly audit   postcss: [ '8.5.6' ],
77 silly audit   'postcss-import': [ '15.1.0' ],
77 silly audit   'postcss-js': [ '4.1.0' ],
77 silly audit   'postcss-load-config': [ '4.0.2' ],
77 silly audit   'postcss-nested': [ '6.2.0' ],
77 silly audit   'postcss-selector-parser': [ '6.1.2' ],
77 silly audit   'postcss-value-parser': [ '4.2.0' ],
77 silly audit   'preferred-pm': [ '4.1.1' ],
77 silly audit   prismjs: [ '1.30.0' ],
77 silly audit   prompts: [ '2.4.2' ],
77 silly audit   'property-information': [ '7.1.0' ],
77 silly audit   'queue-microtask': [ '1.2.3' ],
77 silly audit   react: [ '18.3.1' ],
77 silly audit   'react-dom': [ '18.3.1' ],
77 silly audit   scheduler: [ '0.23.2', '0.21.0' ],
77 silly audit   'react-reconciler': [ '0.27.0' ],
77 silly audit   'react-refresh': [ '0.17.0' ],
77 silly audit   'react-use-measure': [ '2.1.7' ],
77 silly audit   'read-cache': [ '1.0.0' ],
77 silly audit   readdirp: [ '3.6.0' ],
77 silly audit   'recma-build-jsx': [ '1.0.0' ],
77 silly audit   'recma-jsx': [ '1.0.1' ],
77 silly audit   'recma-parse': [ '1.0.0' ],
77 silly audit   'recma-stringify': [ '1.0.0' ],
77 silly audit   regex: [ '5.1.1' ],
77 silly audit   'regex-recursion': [ '5.1.1' ],
77 silly audit   'regex-utilities': [ '2.3.0' ],
77 silly audit   rehype: [ '13.0.2' ],
77 silly audit   'rehype-parse': [ '9.0.1' ],
77 silly audit   'rehype-raw': [ '7.0.0' ],
77 silly audit   'rehype-recma': [ '1.0.0' ],
77 silly audit   'rehype-stringify': [ '10.0.1' ],
77 silly audit   'remark-gfm': [ '4.0.1' ],
77 silly audit   'remark-mdx': [ '3.1.1' ],
77 silly audit   'remark-parse': [ '11.0.0' ],
77 silly audit   'remark-rehype': [ '11.1.2' ],
77 silly audit   'remark-smartypants': [ '3.0.2' ],
77 silly audit   'remark-stringify': [ '11.0.0' ],
77 silly audit   resolve: [ '1.22.11' ],
77 silly audit   'restore-cursor': [ '5.1.0' ],
77 silly audit   retext: [ '9.0.0' ],
77 silly audit   'retext-latin': [ '4.0.0' ],
77 silly audit   'retext-smartypants': [ '6.2.0' ],
77 silly audit   'retext-stringify': [ '4.0.0' ],
77 silly audit   reusify: [ '1.1.0' ],
77 silly audit   rollup: [ '4.57.1' ],
77 silly audit   'run-parallel': [ '1.2.0' ],
77 silly audit   'section-matter': [ '1.0.0' ],
77 silly audit   sharp: [ '0.33.5' ],
77 silly audit   shiki: [ '1.29.2' ],
77 silly audit   'signal-exit': [ '4.1.0' ],
77 silly audit   'simple-swizzle': [ '0.2.4' ],
77 silly audit   sisteransi: [ '1.0.5' ],
77 silly audit   'source-map': [ '0.7.6' ],
77 silly audit   'source-map-js': [ '1.2.1' ],
77 silly audit   'space-separated-tokens': [ '2.0.2' ],
77 silly audit   'sprintf-js': [ '1.0.3' ],
77 silly audit   'stdin-discarder': [ '0.2.2' ],
77 silly audit   'stringify-entities': [ '4.0.4' ],
77 silly audit   'strip-bom': [ '3.0.0' ],
77 silly audit   'strip-bom-string': [ '1.0.0' ],
77 silly audit   'style-to-js': [ '1.1.21' ],
77 silly audit   'style-to-object': [ '1.0.14' ],
77 silly audit   sucrase: [ '3.35.1' ],
77 silly audit   'supports-preserve-symlinks-flag': [ '1.0.0' ],
77 silly audit   'suspend-react': [ '0.1.3' ],
77 silly audit   tailwindcss: [ '3.4.19' ],
77 silly audit   thenify: [ '3.3.1' ],
77 silly audit   'thenify-all': [ '1.6.0' ],
77 silly audit   three: [ '0.160.1' ],
77 silly audit   tinyexec: [ '0.3.2' ],
77 silly audit   tinyglobby: [ '0.2.15' ],
77 silly audit   'to-regex-range': [ '5.0.1' ],
77 silly audit   'trim-lines': [ '3.0.1' ],
77 silly audit   trough: [ '2.2.0' ],
77 silly audit   'ts-interface-checker': [ '0.1.13' ],
77 silly audit   tsconfck: [ '3.1.6' ],
77 silly audit   tslib: [ '2.8.1' ],
77 silly audit   'type-fest': [ '4.41.0' ],
77 silly audit   typescript: [ '5.9.3' ],
77 silly audit   ultrahtml: [ '1.6.0' ],
77 silly audit   unified: [ '11.0.5' ],
77 silly audit   'unist-util-find-after': [ '5.0.0' ],
77 silly audit   'unist-util-is': [ '6.0.1' ],
77 silly audit   'unist-util-modify-children': [ '4.0.0' ],
77 silly audit   'unist-util-position': [ '5.0.0' ],
77 silly audit   'unist-util-position-from-estree': [ '2.0.0' ],
77 silly audit   'unist-util-remove-position': [ '5.0.0' ],
77 silly audit   'unist-util-stringify-position': [ '4.0.0' ],
77 silly audit   'unist-util-visit': [ '5.1.0' ],
77 silly audit   'unist-util-visit-children': [ '3.0.0' ],
77 silly audit   'unist-util-visit-parents': [ '6.0.2' ],
77 silly audit   'update-browserslist-db': [ '1.2.3' ],
77 silly audit   'util-deprecate': [ '1.0.2' ],
77 silly audit   vfile: [ '6.0.3' ],
77 silly audit   'vfile-location': [ '5.0.3' ],
77 silly audit   'vfile-message': [ '4.0.3' ],
77 silly audit   vite: [ '5.4.21' ],
77 silly audit   vitefu: [ '1.1.1' ],
77 silly audit   'web-namespaces': [ '2.0.1' ],
77 silly audit   'which-pm': [ '3.0.1' ],
77 silly audit   'which-pm-runs': [ '1.1.0' ],
77 silly audit   'widest-line': [ '5.0.0' ],
77 silly audit   'wrap-ansi': [ '9.0.2' ],
77 silly audit   'xxhash-wasm': [ '1.1.0' ],
77 silly audit   yallist: [ '3.1.1' ],
77 silly audit   yaml: [ '2.8.2' ],
77 silly audit   'yargs-parser': [ '21.1.1' ],
77 silly audit   'yocto-queue': [ '1.2.2' ],
77 silly audit   zod: [ '3.25.76' ],
77 silly audit   'zod-to-json-schema': [ '3.25.1' ],
77 silly audit   'zod-to-ts': [ '1.2.0' ],
77 silly audit   zustand: [ '3.7.2' ],
77 silly audit   zwitch: [ '2.0.4' ],
77 silly audit   '@supabase/supabase-js': [ '2.95.3' ],
77 silly audit   '@supabase/auth-js': [ '2.95.3' ],
77 silly audit   '@supabase/functions-js': [ '2.95.3' ],
77 silly audit   '@supabase/postgrest-js': [ '2.95.3' ],
77 silly audit   '@supabase/realtime-js': [ '2.95.3' ],
77 silly audit   '@supabase/storage-js': [ '2.95.3' ],
77 silly audit   '@types/phoenix': [ '1.6.7' ],
77 silly audit   '@types/ws': [ '8.18.1' ],
77 silly audit   ws: [ '8.19.0' ],
77 silly audit   'iceberg-js': [ '0.8.1' ],
77 silly audit   '@types/node': [ '25.2.2' ],
77 silly audit   'undici-types': [ '7.16.0' ]
77 silly audit }
78 http cache @types/node@https://registry.npmjs.org/@types/node/-/node-25.2.2.tgz 0ms (cache hit)
79 http cache undici-types@https://registry.npmjs.org/undici-types/-/undici-types-7.16.0.tgz 0ms (cache hit)
80 http cache @supabase/storage-js@https://registry.npmjs.org/@supabase/storage-js/-/storage-js-2.95.3.tgz 0ms (cache hit)
81 http cache iceberg-js@https://registry.npmjs.org/iceberg-js/-/iceberg-js-0.8.1.tgz 0ms (cache hit)
82 http cache ws@https://registry.npmjs.org/ws/-/ws-8.19.0.tgz 0ms (cache hit)
83 http cache @types/phoenix@https://registry.npmjs.org/@types/phoenix/-/phoenix-1.6.7.tgz 0ms (cache hit)
84 http cache @types/ws@https://registry.npmjs.org/@types/ws/-/ws-8.18.1.tgz 0ms (cache hit)
85 http cache @supabase/postgrest-js@https://registry.npmjs.org/@supabase/postgrest-js/-/postgrest-js-2.95.3.tgz 0ms (cache hit)
86 http cache @supabase/functions-js@https://registry.npmjs.org/@supabase/functions-js/-/functions-js-2.95.3.tgz 0ms (cache hit)
87 http cache @supabase/realtime-js@https://registry.npmjs.org/@supabase/realtime-js/-/realtime-js-2.95.3.tgz 0ms (cache hit)
88 silly tarball no local data for @types/node@https://registry.npmjs.org/@types/node/-/node-25.2.2.tgz. Extracting by manifest.
89 silly tarball no local data for undici-types@https://registry.npmjs.org/undici-types/-/undici-types-7.16.0.tgz. Extracting by manifest.
90 silly tarball no local data for @supabase/storage-js@https://registry.npmjs.org/@supabase/storage-js/-/storage-js-2.95.3.tgz. Extracting by manifest.
91 http cache @supabase/supabase-js@https://registry.npmjs.org/@supabase/supabase-js/-/supabase-js-2.95.3.tgz 0ms (cache hit)
92 silly tarball no local data for iceberg-js@https://registry.npmjs.org/iceberg-js/-/iceberg-js-0.8.1.tgz. Extracting by manifest.
93 silly tarball no local data for ws@https://registry.npmjs.org/ws/-/ws-8.19.0.tgz. Extracting by manifest.
94 http cache @supabase/auth-js@https://registry.npmjs.org/@supabase/auth-js/-/auth-js-2.95.3.tgz 0ms (cache hit)
95 silly tarball no local data for @types/phoenix@https://registry.npmjs.org/@types/phoenix/-/phoenix-1.6.7.tgz. Extracting by manifest.
96 silly tarball no local data for @types/ws@https://registry.npmjs.org/@types/ws/-/ws-8.18.1.tgz. Extracting by manifest.
97 silly tarball no local data for @supabase/postgrest-js@https://registry.npmjs.org/@supabase/postgrest-js/-/postgrest-js-2.95.3.tgz. Extracting by manifest.
98 silly tarball no local data for @supabase/functions-js@https://registry.npmjs.org/@supabase/functions-js/-/functions-js-2.95.3.tgz. Extracting by manifest.
99 silly tarball no local data for @supabase/realtime-js@https://registry.npmjs.org/@supabase/realtime-js/-/realtime-js-2.95.3.tgz. Extracting by manifest.
100 silly tarball no local data for @supabase/supabase-js@https://registry.npmjs.org/@supabase/supabase-js/-/supabase-js-2.95.3.tgz. Extracting by manifest.
101 silly tarball no local data for @supabase/auth-js@https://registry.npmjs.org/@supabase/auth-js/-/auth-js-2.95.3.tgz. Extracting by manifest.
102 http fetch POST 200 https://registry.npmjs.org/-/npm/v1/security/advisories/bulk 122ms
103 silly audit report {
103 silly audit report   astro: [
103 silly audit report     {
103 silly audit report       id: 1111026,
103 silly audit report       url: 'https://github.com/advisories/GHSA-fvmw-cj7j-j39q',
103 silly audit report       title: 'Astro Cloudflare adapter has Stored Cross-site Scripting vulnerability in /_image endpoint',
103 silly audit report       severity: 'moderate',
103 silly audit report       vulnerable_versions: '<5.15.9',
103 silly audit report       cwe: [Array],
103 silly audit report       cvss: [Object]
103 silly audit report     },
103 silly audit report     {
103 silly audit report       id: 1111027,
103 silly audit report       url: 'https://github.com/advisories/GHSA-ggxq-hp9w-j794',
103 silly audit report       title: "Astro's middleware authentication checks based on url.pathname can be bypassed via url encoded values",
103 silly audit report       severity: 'moderate',
103 silly audit report       vulnerable_versions: '<5.15.8',
103 silly audit report       cwe: [Array],
103 silly audit report       cvss: [Object]
103 silly audit report     },
103 silly audit report     {
103 silly audit report       id: 1111294,
103 silly audit report       url: 'https://github.com/advisories/GHSA-whqg-ppgf-wp8c',
103 silly audit report       title: 'Astro has an Authentication Bypass via Double URL Encoding, a bypass for CVE-2025-64765',
103 silly audit report       severity: 'moderate',
103 silly audit report       vulnerable_versions: '<5.15.8',
103 silly audit report       cwe: [Array],
103 silly audit report       cvss: [Object]
103 silly audit report     },
103 silly audit report     {
103 silly audit report       id: 1108906,
103 silly audit report       url: 'https://github.com/advisories/GHSA-5ff5-9fcw-vg88',
103 silly audit report       title: "Astro's `X-Forwarded-Host` is reflected without validation",
103 silly audit report       severity: 'moderate',
103 silly audit report       vulnerable_versions: '<5.14.3',
103 silly audit report       cwe: [Array],
103 silly audit report       cvss: [Object]
103 silly audit report     },
103 silly audit report     {
103 silly audit report       id: 1109738,
103 silly audit report       url: 'https://github.com/advisories/GHSA-hr2q-hp5q-x767',
103 silly audit report       title: 'Astro vulnerable to URL manipulation via headers, leading to middleware and CVE-2025-61925 bypass',
103 silly audit report       severity: 'moderate',
103 silly audit report       vulnerable_versions: '>=2.16.0 <5.15.5',
103 silly audit report       cwe: [Array],
103 silly audit report       cvss: [Object]
103 silly audit report     },
103 silly audit report     {
103 silly audit report       id: 1109850,
103 silly audit report       url: 'https://github.com/advisories/GHSA-wrwg-2hg8-v723',
103 silly audit report       title: 'Astro vulnerable to reflected XSS via the server islands feature',
103 silly audit report       severity: 'high',
103 silly audit report       vulnerable_versions: '<=5.15.6',
103 silly audit report       cwe: [Array],
103 silly audit report       cvss: [Object]
103 silly audit report     },
103 silly audit report     {
103 silly audit report       id: 1109851,
103 silly audit report       url: 'https://github.com/advisories/GHSA-x3h8-62x9-952g',
103 silly audit report       title: 'Astro Development Server has Arbitrary Local File Read',
103 silly audit report       severity: 'low',
103 silly audit report       vulnerable_versions: '<5.14.3',
103 silly audit report       cwe: [Array],
103 silly audit report       cvss: [Object]
103 silly audit report     }
103 silly audit report   ],
103 silly audit report   esbuild: [
103 silly audit report     {
103 silly audit report       id: 1102341,
103 silly audit report       url: 'https://github.com/advisories/GHSA-67mh-4wv8-2f99',
103 silly audit report       title: 'esbuild enables any website to send any requests to the development server and read the response',
103 silly audit report       severity: 'moderate',
103 silly audit report       vulnerable_versions: '<=0.24.2',
103 silly audit report       cwe: [Array],
103 silly audit report       cvss: [Object]
103 silly audit report     }
103 silly audit report   ]
103 silly audit report }
104 silly packumentCache corgi:https://registry.npmjs.org/astro cache-miss
105 silly packumentCache corgi:https://registry.npmjs.org/esbuild cache-miss
106 http fetch GET 200 https://registry.npmjs.org/@types/phoenix/-/phoenix-1.6.7.tgz 149ms (cache miss)
107 http fetch GET 200 https://registry.npmjs.org/iceberg-js/-/iceberg-js-0.8.1.tgz 157ms (cache miss)
108 http fetch GET 200 https://registry.npmjs.org/@types/ws/-/ws-8.18.1.tgz 159ms (cache miss)
109 http fetch GET 200 https://registry.npmjs.org/esbuild 75ms (cache revalidated)
110 silly packumentCache corgi:https://registry.npmjs.org/esbuild set size:879341 disposed:false
111 http fetch GET 200 https://registry.npmjs.org/astro 172ms (cache revalidated)
112 silly packumentCache corgi:https://registry.npmjs.org/astro set size:4249995 disposed:false
113 silly packumentCache corgi:https://registry.npmjs.org/vite cache-miss
114 http fetch GET 200 https://registry.npmjs.org/ws/-/ws-8.19.0.tgz 416ms (cache miss)
115 http fetch GET 200 https://registry.npmjs.org/undici-types/-/undici-types-7.16.0.tgz 423ms (cache miss)
116 http fetch GET 200 https://registry.npmjs.org/vite 71ms (cache revalidated)
117 silly packumentCache corgi:https://registry.npmjs.org/vite set size:2181475 disposed:false
118 silly packumentCache corgi:https://registry.npmjs.org/@astrojs%2freact cache-miss
119 http fetch GET 200 https://registry.npmjs.org/@supabase/supabase-js/-/supabase-js-2.95.3.tgz 531ms (cache miss)
120 http fetch GET 200 https://registry.npmjs.org/@supabase/storage-js/-/storage-js-2.95.3.tgz 554ms (cache miss)
121 http fetch GET 200 https://registry.npmjs.org/@supabase/postgrest-js/-/postgrest-js-2.95.3.tgz 564ms (cache miss)
122 http fetch GET 200 https://registry.npmjs.org/@supabase/functions-js/-/functions-js-2.95.3.tgz 624ms (cache miss)
123 http fetch GET 200 https://registry.npmjs.org/@types/node/-/node-25.2.2.tgz 773ms (cache miss)
124 http fetch GET 200 https://registry.npmjs.org/@supabase/realtime-js/-/realtime-js-2.95.3.tgz 818ms (cache miss)
125 http fetch GET 200 https://registry.npmjs.org/@astrojs%2freact 487ms (cache revalidated)
126 silly packumentCache corgi:https://registry.npmjs.org/@astrojs%2freact set size:206197 disposed:false
127 http fetch GET 200 https://registry.npmjs.org/@supabase/auth-js/-/auth-js-2.95.3.tgz 1159ms (cache miss)
128 silly ADD node_modules/undici-types
129 silly ADD node_modules/@types/node
130 silly ADD node_modules/iceberg-js
131 silly ADD node_modules/ws
132 silly ADD node_modules/@types/ws
133 silly ADD node_modules/@types/phoenix
134 silly ADD node_modules/@supabase/storage-js
135 silly ADD node_modules/@supabase/realtime-js
136 silly ADD node_modules/@supabase/postgrest-js
137 silly ADD node_modules/@supabase/functions-js
138 silly ADD node_modules/@supabase/auth-js
139 silly ADD node_modules/@supabase/supabase-js
140 verbose cwd C:\Projects\The-Performa
141 verbose os Windows_NT 10.0.26200
142 verbose node v24.13.0
143 verbose npm  v11.9.0
144 verbose exit 0
145 info ok
